[0.053s] [34mcolcon[0m [1;30mDEBUG[0m [32mCommand line arguments: ['/usr/bin/colcon', 'build', '--packages-select', 'instance_segmentation'][0m
[0.053s] [34mcolcon[0m [1;30mDEBUG[0m [32mParsed command line arguments: Namespace(log_base=None, log_level=None, verb_name='build', build_base='build', install_base='install', merge_install=False, symlink_install=False, test_result_base=None, continue_on_error=False, executor='parallel', parallel_workers=20, event_handlers=None, ignore_user_meta=False, metas=['./colcon.meta'], base_paths=['.'], packages_ignore=None, packages_ignore_regex=None, paths=None, packages_up_to=None, packages_up_to_regex=None, packages_above=None, packages_above_and_dependencies=None, packages_above_depth=None, packages_select_by_dep=None, packages_skip_by_dep=None, packages_skip_up_to=None, packages_select_build_failed=False, packages_skip_build_finished=False, packages_select_test_failures=False, packages_skip_test_passed=False, packages_select=['instance_segmentation'], packages_skip=None, packages_select_regex=None, packages_skip_regex=None, packages_start=None, packages_end=None, allow_overriding=[], cmake_args=None, cmake_target=None, cmake_target_skip_unavailable=False, cmake_clean_cache=False, cmake_clean_first=False, cmake_force_configure=False, ament_cmake_args=None, catkin_cmake_args=None, catkin_skip_building_tests=False, verb_parser=<colcon_defaults.argument_parser.defaults.DefaultArgumentsDecorator object at 0x74363be41ae0>, verb_extension=<colcon_core.verb.build.BuildVerb object at 0x74363be41420>, main=<bound method BuildVerb.main of <colcon_core.verb.build.BuildVerb object at 0x74363be41420>>)[0m
[0.136s] [34mcolcon.colcon_core.package_discovery[0m [1;30mLevel 1[0m discover_packages(colcon_meta) check parameters
[0.136s] [34mcolcon.colcon_core.package_discovery[0m [1;30mLevel 1[0m discover_packages(recursive) check parameters
[0.136s] [34mcolcon.colcon_core.package_discovery[0m [1;30mLevel 1[0m discover_packages(ignore) check parameters
[0.136s] [34mcolcon.colcon_core.package_discovery[0m [1;30mLevel 1[0m discover_packages(path) check parameters
[0.136s] [34mcolcon.colcon_core.package_discovery[0m [1;30mLevel 1[0m discover_packages(colcon_meta) discover
[0.136s] [34mcolcon.colcon_core.package_discovery[0m [1;30mLevel 1[0m discover_packages(recursive) discover
[0.136s] [34mcolcon.colcon_core.package_discovery[0m [1;30mINFO[0m Crawling recursively for packages in '/home/lucas/franka_ros2_ws/src/instance_segmentation/instance_segmentation'
[0.136s] [34mcolcon.colcon_core.package_identification[0m [1;30mLevel 1[0m _identify(.) by extensions ['ignore', 'ignore_ament_install']
[0.137s] [34mcolcon.colcon_core.package_identification[0m [1;30mLevel 1[0m _identify(.) by extension 'ignore'
[0.137s] [34mcolcon.colcon_core.package_identification[0m [1;30mLevel 1[0m _identify(.) by extension 'ignore_ament_install'
[0.137s] [34mcolcon.colcon_core.package_identification[0m [1;30mLevel 1[0m _identify(.) by extensions ['colcon_pkg']
[0.137s] [34mcolcon.colcon_core.package_identification[0m [1;30mLevel 1[0m _identify(.) by extension 'colcon_pkg'
[0.137s] [34mcolcon.colcon_core.package_identification[0m [1;30mLevel 1[0m _identify(.) by extensions ['colcon_meta']
[0.137s] [34mcolcon.colcon_core.package_identification[0m [1;30mLevel 1[0m _identify(.) by extension 'colcon_meta'
[0.137s] [34mcolcon.colcon_core.package_identification[0m [1;30mLevel 1[0m _identify(.) by extensions ['ros']
[0.137s] [34mcolcon.colcon_core.package_identification[0m [1;30mLevel 1[0m _identify(.) by extension 'ros'
[0.146s] [34mcolcon.colcon_core.package_identification[0m [1;30mLevel 1[0m _identify(.) by extensions ['cmake', 'python']
[0.146s] [34mcolcon.colcon_core.package_identification[0m [1;30mLevel 1[0m _identify(.) by extension 'cmake'
[0.146s] [34mcolcon.colcon_core.package_identification[0m [1;30mLevel 1[0m _identify(.) by extension 'python'
[0.146s] [34mcolcon.colcon_core.package_identification[0m [1;30mLevel 1[0m _identify(.) by extensions ['python_setup_py']
[0.146s] [34mcolcon.colcon_core.package_identification[0m [1;30mLevel 1[0m _identify(.) by extension 'python_setup_py'
[0.146s] [34mcolcon.colcon_core.package_identification[0m [1;30mLevel 1[0m _identify(build) by extensions ['ignore', 'ignore_ament_install']
[0.146s] [34mcolcon.colcon_core.package_identification[0m [1;30mLevel 1[0m _identify(build) by extension 'ignore'
[0.146s] [34mcolcon.colcon_core.package_identification[0m [1;30mLevel 1[0m _identify(build) ignored
[0.146s] [34mcolcon.colcon_core.package_identification[0m [1;30mLevel 1[0m _identify(images) by extensions ['ignore', 'ignore_ament_install']
[0.146s] [34mcolcon.colcon_core.package_identification[0m [1;30mLevel 1[0m _identify(images) by extension 'ignore'
[0.146s] [34mcolcon.colcon_core.package_identification[0m [1;30mLevel 1[0m _identify(images) by extension 'ignore_ament_install'
[0.146s] [34mcolcon.colcon_core.package_identification[0m [1;30mLevel 1[0m _identify(images) by extensions ['colcon_pkg']
[0.146s] [34mcolcon.colcon_core.package_identification[0m [1;30mLevel 1[0m _identify(images) by extension 'colcon_pkg'
[0.146s] [34mcolcon.colcon_core.package_identification[0m [1;30mLevel 1[0m _identify(images) by extensions ['colcon_meta']
[0.146s] [34mcolcon.colcon_core.package_identification[0m [1;30mLevel 1[0m _identify(images) by extension 'colcon_meta'
[0.146s] [34mcolcon.colcon_core.package_identification[0m [1;30mLevel 1[0m _identify(images) by extensions ['ros']
[0.146s] [34mcolcon.colcon_core.package_identification[0m [1;30mLevel 1[0m _identify(images) by extension 'ros'
[0.146s] [34mcolcon.colcon_core.package_identification[0m [1;30mLevel 1[0m _identify(images) by extensions ['cmake', 'python']
[0.146s] [34mcolcon.colcon_core.package_identification[0m [1;30mLevel 1[0m _identify(images) by extension 'cmake'
[0.146s] [34mcolcon.colcon_core.package_identification[0m [1;30mLevel 1[0m _identify(images) by extension 'python'
[0.146s] [34mcolcon.colcon_core.package_identification[0m [1;30mLevel 1[0m _identify(images) by extensions ['python_setup_py']
[0.146s] [34mcolcon.colcon_core.package_identification[0m [1;30mLevel 1[0m _identify(images) by extension 'python_setup_py'
[0.146s] [34mcolcon.colcon_core.package_identification[0m [1;30mLevel 1[0m _identify(install) by extensions ['ignore', 'ignore_ament_install']
[0.146s] [34mcolcon.colcon_core.package_identification[0m [1;30mLevel 1[0m _identify(install) by extension 'ignore'
[0.146s] [34mcolcon.colcon_core.package_identification[0m [1;30mLevel 1[0m _identify(install) ignored
[0.147s] [34mcolcon.colcon_core.package_identification[0m [1;30mLevel 1[0m _identify(lang-segment-anything) by extensions ['ignore', 'ignore_ament_install']
[0.147s] [34mcolcon.colcon_core.package_identification[0m [1;30mLevel 1[0m _identify(lang-segment-anything) by extension 'ignore'
[0.147s] [34mcolcon.colcon_core.package_identification[0m [1;30mLevel 1[0m _identify(lang-segment-anything) by extension 'ignore_ament_install'
[0.147s] [34mcolcon.colcon_core.package_identification[0m [1;30mLevel 1[0m _identify(lang-segment-anything) by extensions ['colcon_pkg']
[0.147s] [34mcolcon.colcon_core.package_identification[0m [1;30mLevel 1[0m _identify(lang-segment-anything) by extension 'colcon_pkg'
[0.147s] [34mcolcon.colcon_core.package_identification[0m [1;30mLevel 1[0m _identify(lang-segment-anything) by extensions ['colcon_meta']
[0.147s] [34mcolcon.colcon_core.package_identification[0m [1;30mLevel 1[0m _identify(lang-segment-anything) by extension 'colcon_meta'
[0.147s] [34mcolcon.colcon_core.package_identification[0m [1;30mLevel 1[0m _identify(lang-segment-anything) by extensions ['ros']
[0.147s] [34mcolcon.colcon_core.package_identification[0m [1;30mLevel 1[0m _identify(lang-segment-anything) by extension 'ros'
[0.147s] [34mcolcon.colcon_core.package_identification[0m [1;30mLevel 1[0m _identify(lang-segment-anything) by extensions ['cmake', 'python']
[0.147s] [34mcolcon.colcon_core.package_identification[0m [1;30mLevel 1[0m _identify(lang-segment-anything) by extension 'cmake'
[0.147s] [34mcolcon.colcon_core.package_identification[0m [1;30mLevel 1[0m _identify(lang-segment-anything) by extension 'python'
[0.147s] [34mcolcon.colcon_core.package_identification[0m [1;30mLevel 1[0m _identify(lang-segment-anything) by extensions ['python_setup_py']
[0.147s] [34mcolcon.colcon_core.package_identification[0m [1;30mLevel 1[0m _identify(lang-segment-anything) by extension 'python_setup_py'
[0.147s] [34mcolcon.colcon_core.package_identification[0m [1;30mLevel 1[0m _identify(lang-segment-anything/assets) by extensions ['ignore', 'ignore_ament_install']
[0.147s] [34mcolcon.colcon_core.package_identification[0m [1;30mLevel 1[0m _identify(lang-segment-anything/assets) by extension 'ignore'
[0.147s] [34mcolcon.colcon_core.package_identification[0m [1;30mLevel 1[0m _identify(lang-segment-anything/assets) by extension 'ignore_ament_install'
[0.147s] [34mcolcon.colcon_core.package_identification[0m [1;30mLevel 1[0m _identify(lang-segment-anything/assets) by extensions ['colcon_pkg']
[0.147s] [34mcolcon.colcon_core.package_identification[0m [1;30mLevel 1[0m _identify(lang-segment-anything/assets) by extension 'colcon_pkg'
[0.147s] [34mcolcon.colcon_core.package_identification[0m [1;30mLevel 1[0m _identify(lang-segment-anything/assets) by extensions ['colcon_meta']
[0.147s] [34mcolcon.colcon_core.package_identification[0m [1;30mLevel 1[0m _identify(lang-segment-anything/assets) by extension 'colcon_meta'
[0.147s] [34mcolcon.colcon_core.package_identification[0m [1;30mLevel 1[0m _identify(lang-segment-anything/assets) by extensions ['ros']
[0.147s] [34mcolcon.colcon_core.package_identification[0m [1;30mLevel 1[0m _identify(lang-segment-anything/assets) by extension 'ros'
[0.147s] [34mcolcon.colcon_core.package_identification[0m [1;30mLevel 1[0m _identify(lang-segment-anything/assets) by extensions ['cmake', 'python']
[0.147s] [34mcolcon.colcon_core.package_identification[0m [1;30mLevel 1[0m _identify(lang-segment-anything/assets) by extension 'cmake'
[0.147s] [34mcolcon.colcon_core.package_identification[0m [1;30mLevel 1[0m _identify(lang-segment-anything/assets) by extension 'python'
[0.147s] [34mcolcon.colcon_core.package_identification[0m [1;30mLevel 1[0m _identify(lang-segment-anything/assets) by extensions ['python_setup_py']
[0.147s] [34mcolcon.colcon_core.package_identification[0m [1;30mLevel 1[0m _identify(lang-segment-anything/assets) by extension 'python_setup_py'
[0.147s] [34mcolcon.colcon_core.package_identification[0m [1;30mLevel 1[0m _identify(lang-segment-anything/assets/outputs) by extensions ['ignore', 'ignore_ament_install']
[0.147s] [34mcolcon.colcon_core.package_identification[0m [1;30mLevel 1[0m _identify(lang-segment-anything/assets/outputs) by extension 'ignore'
[0.147s] [34mcolcon.colcon_core.package_identification[0m [1;30mLevel 1[0m _identify(lang-segment-anything/assets/outputs) by extension 'ignore_ament_install'
[0.147s] [34mcolcon.colcon_core.package_identification[0m [1;30mLevel 1[0m _identify(lang-segment-anything/assets/outputs) by extensions ['colcon_pkg']
[0.147s] [34mcolcon.colcon_core.package_identification[0m [1;30mLevel 1[0m _identify(lang-segment-anything/assets/outputs) by extension 'colcon_pkg'
[0.147s] [34mcolcon.colcon_core.package_identification[0m [1;30mLevel 1[0m _identify(lang-segment-anything/assets/outputs) by extensions ['colcon_meta']
[0.147s] [34mcolcon.colcon_core.package_identification[0m [1;30mLevel 1[0m _identify(lang-segment-anything/assets/outputs) by extension 'colcon_meta'
[0.147s] [34mcolcon.colcon_core.package_identification[0m [1;30mLevel 1[0m _identify(lang-segment-anything/assets/outputs) by extensions ['ros']
[0.147s] [34mcolcon.colcon_core.package_identification[0m [1;30mLevel 1[0m _identify(lang-segment-anything/assets/outputs) by extension 'ros'
[0.147s] [34mcolcon.colcon_core.package_identification[0m [1;30mLevel 1[0m _identify(lang-segment-anything/assets/outputs) by extensions ['cmake', 'python']
[0.147s] [34mcolcon.colcon_core.package_identification[0m [1;30mLevel 1[0m _identify(lang-segment-anything/assets/outputs) by extension 'cmake'
[0.147s] [34mcolcon.colcon_core.package_identification[0m [1;30mLevel 1[0m _identify(lang-segment-anything/assets/outputs) by extension 'python'
[0.147s] [34mcolcon.colcon_core.package_identification[0m [1;30mLevel 1[0m _identify(lang-segment-anything/assets/outputs) by extensions ['python_setup_py']
[0.147s] [34mcolcon.colcon_core.package_identification[0m [1;30mLevel 1[0m _identify(lang-segment-anything/assets/outputs) by extension 'python_setup_py'
[0.147s] [34mcolcon.colcon_core.package_identification[0m [1;30mLevel 1[0m _identify(lang-segment-anything/example_notebook) by extensions ['ignore', 'ignore_ament_install']
[0.147s] [34mcolcon.colcon_core.package_identification[0m [1;30mLevel 1[0m _identify(lang-segment-anything/example_notebook) by extension 'ignore'
[0.147s] [34mcolcon.colcon_core.package_identification[0m [1;30mLevel 1[0m _identify(lang-segment-anything/example_notebook) by extension 'ignore_ament_install'
[0.147s] [34mcolcon.colcon_core.package_identification[0m [1;30mLevel 1[0m _identify(lang-segment-anything/example_notebook) by extensions ['colcon_pkg']
[0.147s] [34mcolcon.colcon_core.package_identification[0m [1;30mLevel 1[0m _identify(lang-segment-anything/example_notebook) by extension 'colcon_pkg'
[0.147s] [34mcolcon.colcon_core.package_identification[0m [1;30mLevel 1[0m _identify(lang-segment-anything/example_notebook) by extensions ['colcon_meta']
[0.147s] [34mcolcon.colcon_core.package_identification[0m [1;30mLevel 1[0m _identify(lang-segment-anything/example_notebook) by extension 'colcon_meta'
[0.147s] [34mcolcon.colcon_core.package_identification[0m [1;30mLevel 1[0m _identify(lang-segment-anything/example_notebook) by extensions ['ros']
[0.147s] [34mcolcon.colcon_core.package_identification[0m [1;30mLevel 1[0m _identify(lang-segment-anything/example_notebook) by extension 'ros'
[0.147s] [34mcolcon.colcon_core.package_identification[0m [1;30mLevel 1[0m _identify(lang-segment-anything/example_notebook) by extensions ['cmake', 'python']
[0.147s] [34mcolcon.colcon_core.package_identification[0m [1;30mLevel 1[0m _identify(lang-segment-anything/example_notebook) by extension 'cmake'
[0.147s] [34mcolcon.colcon_core.package_identification[0m [1;30mLevel 1[0m _identify(lang-segment-anything/example_notebook) by extension 'python'
[0.148s] [34mcolcon.colcon_core.package_identification[0m [1;30mLevel 1[0m _identify(lang-segment-anything/example_notebook) by extensions ['python_setup_py']
[0.148s] [34mcolcon.colcon_core.package_identification[0m [1;30mLevel 1[0m _identify(lang-segment-anything/example_notebook) by extension 'python_setup_py'
[0.148s] [34mcolcon.colcon_core.package_identification[0m [1;30mLevel 1[0m _identify(lang-segment-anything/lang_sam) by extensions ['ignore', 'ignore_ament_install']
[0.148s] [34mcolcon.colcon_core.package_identification[0m [1;30mLevel 1[0m _identify(lang-segment-anything/lang_sam) by extension 'ignore'
[0.148s] [34mcolcon.colcon_core.package_identification[0m [1;30mLevel 1[0m _identify(lang-segment-anything/lang_sam) by extension 'ignore_ament_install'
[0.148s] [34mcolcon.colcon_core.package_identification[0m [1;30mLevel 1[0m _identify(lang-segment-anything/lang_sam) by extensions ['colcon_pkg']
[0.148s] [34mcolcon.colcon_core.package_identification[0m [1;30mLevel 1[0m _identify(lang-segment-anything/lang_sam) by extension 'colcon_pkg'
[0.148s] [34mcolcon.colcon_core.package_identification[0m [1;30mLevel 1[0m _identify(lang-segment-anything/lang_sam) by extensions ['colcon_meta']
[0.148s] [34mcolcon.colcon_core.package_identification[0m [1;30mLevel 1[0m _identify(lang-segment-anything/lang_sam) by extension 'colcon_meta'
[0.148s] [34mcolcon.colcon_core.package_identification[0m [1;30mLevel 1[0m _identify(lang-segment-anything/lang_sam) by extensions ['ros']
[0.148s] [34mcolcon.colcon_core.package_identification[0m [1;30mLevel 1[0m _identify(lang-segment-anything/lang_sam) by extension 'ros'
[0.148s] [34mcolcon.colcon_core.package_identification[0m [1;30mLevel 1[0m _identify(lang-segment-anything/lang_sam) by extensions ['cmake', 'python']
[0.148s] [34mcolcon.colcon_core.package_identification[0m [1;30mLevel 1[0m _identify(lang-segment-anything/lang_sam) by extension 'cmake'
[0.148s] [34mcolcon.colcon_core.package_identification[0m [1;30mLevel 1[0m _identify(lang-segment-anything/lang_sam) by extension 'python'
[0.148s] [34mcolcon.colcon_core.package_identification[0m [1;30mLevel 1[0m _identify(lang-segment-anything/lang_sam) by extensions ['python_setup_py']
[0.148s] [34mcolcon.colcon_core.package_identification[0m [1;30mLevel 1[0m _identify(lang-segment-anything/lang_sam) by extension 'python_setup_py'
[0.148s] [34mcolcon.colcon_core.package_identification[0m [1;30mLevel 1[0m _identify(lang-segment-anything/lang_sam/__pycache__) by extensions ['ignore', 'ignore_ament_install']
[0.148s] [34mcolcon.colcon_core.package_identification[0m [1;30mLevel 1[0m _identify(lang-segment-anything/lang_sam/__pycache__) by extension 'ignore'
[0.148s] [34mcolcon.colcon_core.package_identification[0m [1;30mLevel 1[0m _identify(lang-segment-anything/lang_sam/__pycache__) by extension 'ignore_ament_install'
[0.148s] [34mcolcon.colcon_core.package_identification[0m [1;30mLevel 1[0m _identify(lang-segment-anything/lang_sam/__pycache__) by extensions ['colcon_pkg']
[0.148s] [34mcolcon.colcon_core.package_identification[0m [1;30mLevel 1[0m _identify(lang-segment-anything/lang_sam/__pycache__) by extension 'colcon_pkg'
[0.148s] [34mcolcon.colcon_core.package_identification[0m [1;30mLevel 1[0m _identify(lang-segment-anything/lang_sam/__pycache__) by extensions ['colcon_meta']
[0.148s] [34mcolcon.colcon_core.package_identification[0m [1;30mLevel 1[0m _identify(lang-segment-anything/lang_sam/__pycache__) by extension 'colcon_meta'
[0.148s] [34mcolcon.colcon_core.package_identification[0m [1;30mLevel 1[0m _identify(lang-segment-anything/lang_sam/__pycache__) by extensions ['ros']
[0.148s] [34mcolcon.colcon_core.package_identification[0m [1;30mLevel 1[0m _identify(lang-segment-anything/lang_sam/__pycache__) by extension 'ros'
[0.148s] [34mcolcon.colcon_core.package_identification[0m [1;30mLevel 1[0m _identify(lang-segment-anything/lang_sam/__pycache__) by extensions ['cmake', 'python']
[0.148s] [34mcolcon.colcon_core.package_identification[0m [1;30mLevel 1[0m _identify(lang-segment-anything/lang_sam/__pycache__) by extension 'cmake'
[0.148s] [34mcolcon.colcon_core.package_identification[0m [1;30mLevel 1[0m _identify(lang-segment-anything/lang_sam/__pycache__) by extension 'python'
[0.148s] [34mcolcon.colcon_core.package_identification[0m [1;30mLevel 1[0m _identify(lang-segment-anything/lang_sam/__pycache__) by extensions ['python_setup_py']
[0.148s] [34mcolcon.colcon_core.package_identification[0m [1;30mLevel 1[0m _identify(lang-segment-anything/lang_sam/__pycache__) by extension 'python_setup_py'
[0.148s] [34mcolcon.colcon_core.package_identification[0m [1;30mLevel 1[0m _identify(log) by extensions ['ignore', 'ignore_ament_install']
[0.148s] [34mcolcon.colcon_core.package_identification[0m [1;30mLevel 1[0m _identify(log) by extension 'ignore'
[0.148s] [34mcolcon.colcon_core.package_identification[0m [1;30mLevel 1[0m _identify(log) ignored
[0.148s] [34mcolcon.colcon_core.package_discovery[0m [1;30mLevel 1[0m discover_packages(recursive) using defaults
[0.148s] [34mcolcon.colcon_core.package_discovery[0m [1;30mLevel 1[0m discover_packages(ignore) discover
[0.148s] [34mcolcon.colcon_core.package_discovery[0m [1;30mLevel 1[0m discover_packages(ignore) using defaults
[0.148s] [34mcolcon.colcon_core.package_discovery[0m [1;30mLevel 1[0m discover_packages(path) discover
[0.148s] [34mcolcon.colcon_core.package_discovery[0m [1;30mLevel 1[0m discover_packages(path) using defaults
[0.148s] [34mcolcon.colcon_core.package_selection[0m [1;30mWARNING[0m [33mignoring unknown package 'instance_segmentation' in --packages-select[0m
[0.156s] [34mcolcon.colcon_core.package_discovery[0m [1;30mLevel 1[0m discover_packages(prefix_path) check parameters
[0.156s] [34mcolcon.colcon_core.package_discovery[0m [1;30mLevel 1[0m discover_packages(prefix_path) discover
[0.157s] [34mcolcon.colcon_installed_package_information.package_discovery[0m [1;30mDEBUG[0m [32mFound 15 installed packages in /home/lucas/franka_ros2_ws/install[0m
[0.158s] [34mcolcon.colcon_installed_package_information.package_discovery[0m [1;30mDEBUG[0m [32mFound 350 installed packages in /opt/ros/humble[0m
[0.158s] [34mcolcon.colcon_core.package_discovery[0m [1;30mLevel 1[0m discover_packages(prefix_path) using defaults
[0.177s] [34mcolcon.colcon_core.executor[0m [1;30mINFO[0m Executing jobs using 'parallel' executor
[0.178s] [34mcolcon.colcon_parallel_executor.executor.parallel[0m [1;30mDEBUG[0m [32mrun_until_complete[0m
[0.178s] [34mcolcon.colcon_parallel_executor.executor.parallel[0m [1;30mDEBUG[0m [32mclosing loop[0m
[0.178s] [34mcolcon.colcon_parallel_executor.executor.parallel[0m [1;30mDEBUG[0m [32mloop closed[0m
[0.178s] [34mcolcon.colcon_parallel_executor.executor.parallel[0m [1;30mDEBUG[0m [32mrun_until_complete finished with '0'[0m
[0.178s] [34mcolcon.colcon_core.event_reactor[0m [1;30mDEBUG[0m [32mjoining thread[0m
[0.180s] [34mcolcon.colcon_core.plugin_system[0m [1;30mINFO[0m Skipping extension 'colcon_notification.desktop_notification.terminal_notifier': Not used on non-Darwin systems
[0.180s] [34mcolcon.colcon_core.plugin_system[0m [1;30mINFO[0m Skipping extension 'colcon_notification.desktop_notification.win32': Not used on non-Windows systems
[0.181s] [34mcolcon.colcon_notification.desktop_notification[0m [1;30mINFO[0m Sending desktop notification using 'notify2'
[0.187s] [34mcolcon.colcon_core.event_reactor[0m [1;30mDEBUG[0m [32mjoined thread[0m
[0.188s] [34mcolcon.colcon_core.plugin_system[0m [1;30mINFO[0m Skipping extension 'colcon_core.shell.bat': Not used on non-Windows systems
[0.188s] [34mcolcon.colcon_core.shell[0m [1;30mINFO[0m Creating prefix script '/home/lucas/franka_ros2_ws/src/instance_segmentation/instance_segmentation/install/local_setup.ps1'
[0.189s] [34mcolcon.colcon_core.shell[0m [1;30mINFO[0m Creating prefix util module '/home/lucas/franka_ros2_ws/src/instance_segmentation/instance_segmentation/install/_local_setup_util_ps1.py'
[0.189s] [34mcolcon.colcon_core.shell[0m [1;30mINFO[0m Creating prefix chain script '/home/lucas/franka_ros2_ws/src/instance_segmentation/instance_segmentation/install/setup.ps1'
[0.190s] [34mcolcon.colcon_core.shell[0m [1;30mINFO[0m Creating prefix script '/home/lucas/franka_ros2_ws/src/instance_segmentation/instance_segmentation/install/local_setup.sh'
[0.190s] [34mcolcon.colcon_core.shell[0m [1;30mINFO[0m Creating prefix util module '/home/lucas/franka_ros2_ws/src/instance_segmentation/instance_segmentation/install/_local_setup_util_sh.py'
[0.190s] [34mcolcon.colcon_core.shell[0m [1;30mINFO[0m Creating prefix chain script '/home/lucas/franka_ros2_ws/src/instance_segmentation/instance_segmentation/install/setup.sh'
[0.191s] [34mcolcon.colcon_core.shell[0m [1;30mINFO[0m Creating prefix script '/home/lucas/franka_ros2_ws/src/instance_segmentation/instance_segmentation/install/local_setup.bash'
[0.191s] [34mcolcon.colcon_core.shell[0m [1;30mINFO[0m Creating prefix chain script '/home/lucas/franka_ros2_ws/src/instance_segmentation/instance_segmentation/install/setup.bash'
[0.192s] [34mcolcon.colcon_core.shell[0m [1;30mINFO[0m Creating prefix script '/home/lucas/franka_ros2_ws/src/instance_segmentation/instance_segmentation/install/local_setup.zsh'
[0.192s] [34mcolcon.colcon_core.shell[0m [1;30mINFO[0m Creating prefix chain script '/home/lucas/franka_ros2_ws/src/instance_segmentation/instance_segmentation/install/setup.zsh'
